EDA Netlist Writer report for Reg_D
Fri Oct 26 16:47:23 2018
Quartus Prime Version 18.1.0 Build 625 09/12/2018 SJ Lite Edition


---------------------
; Table of Contents ;
---------------------
  1. Legal Notice
  2. EDA Netlist Writer Summary
  3. EDA Netlist Writer Messages



----------------
; Legal Notice ;
----------------
Copyright (C) 2018  Intel Corporation. All rights reserved.
Your use of Intel Corporation's design tools, logic functions 
and other software and tools, and its AMPP partner logic 
functions, and any output files from any of the foregoing 
(including device programming or simulation files), and any 
associated documentation or information are expressly subject 
to the terms and conditions of the Intel Program License 
Subscription Agreement, the Intel Quartus Prime License Agreement,
the Intel FPGA IP License Agreement, or other applicable license
agreement, including, without limitation, that your use is for
the sole purpose of programming logic devices manufactured by
Intel and sold by Intel or its authorized distributors.  Please
refer to the applicable agreement for further details.



+---------------------------------------------------------------+
; EDA Netlist Writer Summary                                    ;
+---------------------------+-----------------------------------+
; EDA Netlist Writer Status ; Failed - Fri Oct 26 16:47:23 2018 ;
; Revision Name             ; Reg_D                             ;
; Top-level Entity Name     ; DReg                              ;
; Family                    ; Cyclone V                         ;
+---------------------------+-----------------------------------+


+-----------------------------+
; EDA Netlist Writer Messages ;
+-----------------------------+
Info: *******************************************************************
Info: Running Quartus Prime EDA Netlist Writer
    Info: Version 18.1.0 Build 625 09/12/2018 SJ Lite Edition
    Info: Copyright (C) 2018  Intel Corporation. All rights reserved.
    Info: Your use of Intel Corporation's design tools, logic functions 
    Info: and other software and tools, and its AMPP partner logic 
    Info: functions, and any output files from any of the foregoing 
    Info: (including device programming or simulation files), and any 
    Info: associated documentation or information are expressly subject 
    Info: to the terms and conditions of the Intel Program License 
    Info: Subscription Agreement, the Intel Quartus Prime License Agreement,
    Info: the Intel FPGA IP License Agreement, or other applicable license
    Info: agreement, including, without limitation, that your use is for
    Info: the sole purpose of programming logic devices manufactured by
    Info: Intel and sold by Intel or its authorized distributors.  Please
    Info: refer to the applicable agreement for further details.
    Info: Processing started: Fri Oct 26 16:47:21 2018
Info: Command: quartus_eda --write_settings_files=off --simulation=on --functional=off --flatten_buses=off --timescale=1ps --tool=modelsim_oem --format=vhdl --output_directory="C:/Users/elyston/Documents/projetos quartus prime/registrador_D/simulation/qsim/" Reg_D -c Reg_D
Info (119006): Selected device 5CGXFC7C7F23C8 for design "Reg_D"
Warning (18236): Number of processors has not been specified which may cause overloading on shared machines.  Set the global assignment NUM_PARALLEL_PROCESSORS in your QSF to an appropriate value for best performance.
Error (199063): Run the Fitter, followed by the Timing Analyzer, before running the EDA Netlist Writer
Error: Quartus Prime EDA Netlist Writer was unsuccessful. 1 error, 1 warning
    Error: Peak virtual memory: 4733 megabytes
    Error: Processing ended: Fri Oct 26 16:47:23 2018
    Error: Elapsed time: 00:00:02
    Error: Total CPU time (on all processors): 00:00:02


